<?xml version="1.0" encoding="UTF-8"?>
<!-- Generated by org.testng.reporters.JUnitXMLReporter -->
<testsuite hostname="kaveue" ignored="0" name="Default test" tests="3" failures="0" timestamp="22 May 2021 07:47:38 GMT" time="93.406" errors="0">
  <testcase name="reg_Positive" time="14.008" classname="BS23.TariqurTask.TestCases"/>
  <testcase name="reg2nd_Positive" time="10.518" classname="BS23.TariqurTask.TestCases"/>
  <testcase name="purchase" time="61.324" classname="BS23.TariqurTask.TestCases"/>
</testsuite> <!-- Default test -->
